18:28:14.138[TestNG-tests-1]DEBUGio.netty.util.internal.PlatformDependent0-java.nio.Bits.unaligned: available, true
18:28:14.143[TestNG-tests-1]DEBUGio.netty.util.internal.PlatformDependent0-jdk.internal.misc.Unsafe.allocateUninitializedArray(int): unavailable
java.lang.IllegalAccessException: class io.netty.util.internal.PlatformDependent0$6 cannot access class jdk.internal.misc.Unsafe (in module java.base) because module java.base does not export jdk.internal.misc to unnamed module @1fc47d39
	at jdk.internal.reflect.Reflection.newIllegalAccessException(Reflection.java:361) ~[?:?]
	at java.lang.reflect.AccessibleObject.checkAccess(AccessibleObject.java:591) ~[?:?]
	at java.lang.reflect.Method.invoke(Method.java:558) ~[?:?]
	at io.netty.util.internal.PlatformDependent0$6.run(PlatformDependent0.java:375) ~[netty-common-4.1.70.Final.jar:4.1.70.Final]
	at java.security.AccessController.doPrivileged(Native Method) ~[?:?]
	at io.netty.util.internal.PlatformDependent0.<clinit>(PlatformDependent0.java:366) ~[netty-common-4.1.70.Final.jar:4.1.70.Final]
	at io.netty.util.internal.PlatformDependent.isAndroid(PlatformDependent.java:294) ~[netty-common-4.1.70.Final.jar:4.1.70.Final]
	at io.netty.util.internal.PlatformDependent.<clinit>(PlatformDependent.java:88) ~[netty-common-4.1.70.Final.jar:4.1.70.Final]
	at io.netty.util.HashedWheelTimer.<init>(HashedWheelTimer.java:114) ~[netty-common-4.1.70.Final.jar:4.1.70.Final]
	at io.netty.util.HashedWheelTimer.<init>(HashedWheelTimer.java:251) ~[netty-common-4.1.70.Final.jar:4.1.70.Final]
	at io.netty.util.HashedWheelTimer.<init>(HashedWheelTimer.java:224) ~[netty-common-4.1.70.Final.jar:4.1.70.Final]
	at io.netty.util.HashedWheelTimer.<init>(HashedWheelTimer.java:203) ~[netty-common-4.1.70.Final.jar:4.1.70.Final]
	at org.asynchttpclient.DefaultAsyncHttpClient.newNettyTimer(DefaultAsyncHttpClient.java:111) ~[async-http-client-2.12.3.jar:?]
	at org.asynchttpclient.DefaultAsyncHttpClient.<init>(DefaultAsyncHttpClient.java:90) ~[async-http-client-2.12.3.jar:?]
	at org.asynchttpclient.Dsl.asyncHttpClient(Dsl.java:32) ~[async-http-client-2.12.3.jar:?]
	at org.openqa.selenium.remote.http.netty.NettyClient.createHttpClient(NettyClient.java:105) ~[selenium-remote-driver-4.1.1.jar:?]
	at org.openqa.selenium.remote.http.netty.NettyClient.<clinit>(NettyClient.java:50) ~[selenium-remote-driver-4.1.1.jar:?]
	at org.openqa.selenium.remote.http.netty.NettyClient$Factory.createClient(NettyClient.java:146) ~[selenium-remote-driver-4.1.1.jar:?]
	at org.openqa.selenium.remote.HttpCommandExecutor.<init>(HttpCommandExecutor.java:107) ~[selenium-remote-driver-4.1.1.jar:?]
	at org.openqa.selenium.remote.HttpCommandExecutor.<init>(HttpCommandExecutor.java:94) ~[selenium-remote-driver-4.1.1.jar:?]
	at org.openqa.selenium.remote.HttpCommandExecutor.<init>(HttpCommandExecutor.java:85) ~[selenium-remote-driver-4.1.1.jar:?]
	at org.openqa.selenium.remote.service.DriverCommandExecutor.<init>(DriverCommandExecutor.java:80) ~[selenium-remote-driver-4.1.1.jar:?]
	at org.openqa.selenium.chromium.ChromiumDriverCommandExecutor.<init>(ChromiumDriverCommandExecutor.java:35) ~[selenium-chromium-driver-4.1.1.jar:?]
	at org.openqa.selenium.chrome.ChromeDriver$ChromeDriverCommandExecutor.<init>(ChromeDriver.java:111) ~[selenium-chrome-driver-4.1.1.jar:?]
	at org.openqa.selenium.chrome.ChromeDriver.<init>(ChromeDriver.java:104) ~[selenium-chrome-driver-4.1.1.jar:?]
	at org.openqa.selenium.chrome.ChromeDriver.<init>(ChromeDriver.java:91) ~[selenium-chrome-driver-4.1.1.jar:?]
	at org.openqa.selenium.chrome.ChromeDriver.<init>(ChromeDriver.java:46) ~[selenium-chrome-driver-4.1.1.jar:?]
	at resources.Base.initializeDriver(Base.java:30) ~[classes/:?]
	at tests.TwoTest.testTwo(TwoTest.java:14) ~[test-classes/:?]
	at jdk.internal.reflect.NativeMethodAccessorImpl.invoke0(Native Method) ~[?:?]
	at jdk.internal.reflect.NativeMethodAccessorImpl.invoke(NativeMethodAccessorImpl.java:62) ~[?:?]
	at jdk.internal.reflect.DelegatingMethodAccessorImpl.invoke(DelegatingMethodAccessorImpl.java:43) ~[?:?]
	at java.lang.reflect.Method.invoke(Method.java:566) ~[?:?]
	at org.testng.internal.MethodInvocationHelper.invokeMethod(MethodInvocationHelper.java:133) ~[org.testng_7.4.0.r202105021533.jar:7.4.0]
	at org.testng.internal.TestInvoker.invokeMethod(TestInvoker.java:598) ~[org.testng_7.4.0.r202105021533.jar:7.4.0]
	at org.testng.internal.TestInvoker.invokeTestMethod(TestInvoker.java:173) ~[org.testng_7.4.0.r202105021533.jar:7.4.0]
	at org.testng.internal.MethodRunner.runInSequence(MethodRunner.java:46) ~[org.testng_7.4.0.r202105021533.jar:7.4.0]
	at org.testng.internal.TestInvoker$MethodInvocationAgent.invoke(TestInvoker.java:824) ~[org.testng_7.4.0.r202105021533.jar:7.4.0]
	at org.testng.internal.TestInvoker.invokeTestMethods(TestInvoker.java:146) ~[org.testng_7.4.0.r202105021533.jar:7.4.0]
	at org.testng.internal.TestMethodWorker.invokeTestMethods(TestMethodWorker.java:146) ~[org.testng_7.4.0.r202105021533.jar:7.4.0]
	at org.testng.internal.TestMethodWorker.run(TestMethodWorker.java:128) ~[org.testng_7.4.0.r202105021533.jar:7.4.0]
	at java.util.ArrayList.forEach(ArrayList.java:1541) ~[?:?]
	at org.testng.TestRunner.privateRun(TestRunner.java:794) ~[org.testng_7.4.0.r202105021533.jar:7.4.0]
	at org.testng.TestRunner.run(TestRunner.java:596) ~[org.testng_7.4.0.r202105021533.jar:7.4.0]
	at org.testng.SuiteRunner.runTest(SuiteRunner.java:377) ~[org.testng_7.4.0.r202105021533.jar:7.4.0]
	at org.testng.SuiteRunner.access$000(SuiteRunner.java:28) ~[org.testng_7.4.0.r202105021533.jar:7.4.0]
	at org.testng.SuiteRunner$SuiteWorker.run(SuiteRunner.java:418) ~[org.testng_7.4.0.r202105021533.jar:7.4.0]
	at org.testng.internal.thread.ThreadUtil.lambda$execute$0(ThreadUtil.java:64) ~[org.testng_7.4.0.r202105021533.jar:7.4.0]
	at java.util.concurrent.FutureTask.run(FutureTask.java:264) [?:?]
	at java.util.concurrent.ThreadPoolExecutor.runWorker(ThreadPoolExecutor.java:1128) [?:?]
	at java.util.concurrent.ThreadPoolExecutor$Worker.run(ThreadPoolExecutor.java:628) [?:?]
	at java.lang.Thread.run(Thread.java:834) [?:?]
18:28:14.145[TestNG-tests-1]DEBUGio.netty.util.internal.PlatformDependent0-java.nio.DirectByteBuffer.<init>(long, int): unavailable
18:28:14.145[TestNG-tests-1]DEBUGio.netty.util.internal.PlatformDependent-sun.misc.Unsafe: available
18:28:14.146[TestNG-tests-1]DEBUGio.netty.util.internal.PlatformDependent-maxDirectMemory: 2101346304 bytes (maybe)
18:28:14.146[TestNG-tests-1]DEBUGio.netty.util.internal.PlatformDependent--Dio.netty.tmpdir: C:\Users\suren\AppData\Local\Temp (java.io.tmpdir)
18:28:14.146[TestNG-tests-1]DEBUGio.netty.util.internal.PlatformDependent--Dio.netty.bitMode: 64 (sun.arch.data.model)
18:28:14.146[TestNG-tests-1]DEBUGio.netty.util.internal.PlatformDependent-Platform: Windows
18:28:14.147[TestNG-tests-1]DEBUGio.netty.util.internal.PlatformDependent--Dio.netty.maxDirectMemory: -1 bytes
18:28:14.147[TestNG-tests-1]DEBUGio.netty.util.internal.PlatformDependent--Dio.netty.uninitializedArrayAllocationThreshold: -1
18:28:14.148[TestNG-tests-1]DEBUGio.netty.util.internal.CleanerJava9-java.nio.ByteBuffer.cleaner(): available
18:28:14.148[TestNG-tests-1]DEBUGio.netty.util.internal.PlatformDependent--Dio.netty.noPreferDirect: false
18:28:14.153[TestNG-tests-1]DEBUGio.netty.util.internal.PlatformDependent-org.jctools-core.MpscChunkedArrayQueue: available
18:28:14.164[TestNG-tests-1]DEBUGio.netty.util.internal.InternalThreadLocalMap--Dio.netty.threadLocalMap.stringBuilder.initialSize: 1024
18:28:14.164[TestNG-tests-1]DEBUGio.netty.util.internal.InternalThreadLocalMap--Dio.netty.threadLocalMap.stringBuilder.maxSize: 4096
18:28:14.172[TestNG-tests-1]DEBUGio.netty.handler.ssl.JdkSslContext-Default protocols (JDK): [TLSv1.3, TLSv1.2] 
18:28:14.173[TestNG-tests-1]DEBUGio.netty.handler.ssl.JdkSslContext-Default cipher suites (JDK): [TLS_ECDHE_ECDSA_WITH_AES_256_GCM_SHA384, TLS_ECDHE_ECDSA_WITH_AES_128_GCM_SHA256, TLS_ECDHE_RSA_WITH_AES_128_GCM_SHA256, TLS_ECDHE_RSA_WITH_AES_256_GCM_SHA384, TLS_ECDHE_RSA_WITH_AES_128_CBC_SHA, TLS_ECDHE_RSA_WITH_AES_256_CBC_SHA, TLS_RSA_WITH_AES_128_GCM_SHA256, TLS_RSA_WITH_AES_128_CBC_SHA, TLS_RSA_WITH_AES_256_CBC_SHA, TLS_AES_128_GCM_SHA256, TLS_AES_256_GCM_SHA384]
18:28:14.199[TestNG-tests-1]DEBUGio.netty.channel.MultithreadEventLoopGroup--Dio.netty.eventLoopThreads: 24
18:28:14.206[TestNG-tests-1]DEBUGio.netty.channel.nio.NioEventLoop--Dio.netty.noKeySetOptimization: false
18:28:14.206[TestNG-tests-1]DEBUGio.netty.channel.nio.NioEventLoop--Dio.netty.selectorAutoRebuildThreshold: 512
18:28:14.226[TestNG-tests-1]TRACEio.netty.channel.nio.NioEventLoop-instrumented a special java.util.Set into: sun.nio.ch.WindowsSelectorImpl@6ef6c411
18:28:14.227[TestNG-tests-1]TRACEio.netty.channel.nio.NioEventLoop-instrumented a special java.util.Set into: sun.nio.ch.WindowsSelectorImpl@7c3e2766
18:28:14.228[TestNG-tests-1]TRACEio.netty.channel.nio.NioEventLoop-instrumented a special java.util.Set into: sun.nio.ch.WindowsSelectorImpl@1e5ae7be
18:28:14.229[TestNG-tests-1]TRACEio.netty.channel.nio.NioEventLoop-instrumented a special java.util.Set into: sun.nio.ch.WindowsSelectorImpl@5d2c001a
18:28:14.229[TestNG-tests-1]TRACEio.netty.channel.nio.NioEventLoop-instrumented a special java.util.Set into: sun.nio.ch.WindowsSelectorImpl@320ccb94
18:28:14.230[TestNG-tests-1]TRACEio.netty.channel.nio.NioEventLoop-instrumented a special java.util.Set into: sun.nio.ch.WindowsSelectorImpl@3f04cfa4
18:28:14.230[TestNG-tests-1]TRACEio.netty.channel.nio.NioEventLoop-instrumented a special java.util.Set into: sun.nio.ch.WindowsSelectorImpl@76aaa8ed
18:28:14.231[TestNG-tests-1]TRACEio.netty.channel.nio.NioEventLoop-instrumented a special java.util.Set into: sun.nio.ch.WindowsSelectorImpl@4b3b5af2
18:28:14.232[TestNG-tests-1]TRACEio.netty.channel.nio.NioEventLoop-instrumented a special java.util.Set into: sun.nio.ch.WindowsSelectorImpl@1fbf786a
18:28:14.232[TestNG-tests-1]TRACEio.netty.channel.nio.NioEventLoop-instrumented a special java.util.Set into: sun.nio.ch.WindowsSelectorImpl@65fedd6
